<?xml version="1.0" encoding="UTF-8"?>
<testsuite xmlns:xsi="http://www.w3.org/2001/XMLSchema-instance" xsi:noNamespaceSchemaLocation="https://maven.apache.org/surefire/maven-surefire-plugin/xsd/surefire-test-report-3.0.xsd" version="3.0" name="com.uniwa.operationsprepare.controller.InventoryStatusControllerTest" time="4.046" tests="5" errors="0" skipped="0" failures="0">
  <properties>
[...]
</properties>
  <testcase name="testGetInventoryStatusByDate" classname="com.uniwa.operationsprepare.controller.InventoryStatusControllerTest" time="0.451">
    <system-out><![CDATA[18:51:23.068 [main] INFO org.springframework.test.context.support.AnnotationConfigContextLoaderUtils -- Could not detect default configuration classes for test class [com.uniwa.operationsprepare.controller.InventoryStatusControllerTest]: InventoryStatusControllerTest does not declare any static, non-private, non-final, nested classes annotated with @Configuration.
18:51:23.219 [main] INFO org.springframework.boot.test.context.SpringBootTestContextBootstrapper -- Found @SpringBootConfiguration com.uniwa.operationsprepare.OperationsPrepareMocApplication for test class com.uniwa.operationsprepare.controller.InventoryStatusControllerTest
18:51:23.306 [main] INFO org.springframework.boot.devtools.restart.RestartApplicationListener -- Restart disabled due to context in which it is running

  .   ____          _            __ _ _
 /\\ / ___'_ __ _ _(_)_ __  __ _ \ \ \ \
( ( )\___ | '_ | '_| | '_ \/ _` | \ \ \ \
 \\/  ___)| |_)| | | | | || (_| |  ) ) ) )
  '  |____| .__|_| |_|_| |_\__, | / / / /
 =========|_|==============|___/=/_/_/_/
 :: Spring Boot ::                (v3.2.0)

2025-10-26T18:51:23.628+09:00  INFO 125220 --- [operations-prepare-moc] [           main] c.u.o.c.InventoryStatusControllerTest    : Starting InventoryStatusControllerTest using Java 17.0.15 with PID 125220 (started by YOSHITO in C:\Users\YOSHITO\Documents\App\UniwaApp\nextday-operations-prepare\moc-app\backend)
2025-10-26T18:51:23.629+09:00 DEBUG 125220 --- [operations-prepare-moc] [           main] c.u.o.c.InventoryStatusControllerTest    : Running with Spring Boot v3.2.0, Spring v6.1.1
2025-10-26T18:51:23.629+09:00  INFO 125220 --- [operations-prepare-moc] [           main] c.u.o.c.InventoryStatusControllerTest    : No active profile set, falling back to 1 default profile: "default"
2025-10-26T18:51:23.644+09:00 DEBUG 125220 --- [operations-prepare-moc] [           main] o.s.w.c.s.GenericWebApplicationContext   : Refreshing org.springframework.web.context.support.GenericWebApplicationContext@4b1c0397
2025-10-26T18:51:25.752+09:00 DEBUG 125220 --- [operations-prepare-moc] [           main] s.w.s.m.m.a.RequestMappingHandlerMapping : 11 mappings in 'requestMappingHandlerMapping'
2025-10-26T18:51:26.061+09:00 DEBUG 125220 --- [operations-prepare-moc] [           main] o.s.w.s.handler.SimpleUrlHandlerMapping  : Patterns [/webjars/**, /**] in 'resourceHandlerMapping'
2025-10-26T18:51:26.168+09:00 DEBUG 125220 --- [operations-prepare-moc] [           main] s.w.s.m.m.a.RequestMappingHandlerAdapter : ControllerAdvice beans: 0 @ModelAttribute, 0 @InitBinder, 1 RequestBodyAdvice, 1 ResponseBodyAdvice
2025-10-26T18:51:26.257+09:00 DEBUG 125220 --- [operations-prepare-moc] [           main] .m.m.a.ExceptionHandlerExceptionResolver : ControllerAdvice beans: 0 @ExceptionHandler, 1 ResponseBodyAdvice
2025-10-26T18:51:26.349+09:00  INFO 125220 --- [operations-prepare-moc] [           main] o.s.b.t.m.w.SpringBootMockServletContext : Initializing Spring TestDispatcherServlet ''
2025-10-26T18:51:26.349+09:00  INFO 125220 --- [operations-prepare-moc] [           main] o.s.t.web.servlet.TestDispatcherServlet  : Initializing Servlet ''
2025-10-26T18:51:26.352+09:00  INFO 125220 --- [operations-prepare-moc] [           main] o.s.t.web.servlet.TestDispatcherServlet  : Completed initialization in 2 ms
2025-10-26T18:51:26.388+09:00  INFO 125220 --- [operations-prepare-moc] [           main] c.u.o.c.InventoryStatusControllerTest    : Started InventoryStatusControllerTest in 3.092 seconds (process running for 3.999)
2025-10-26T18:51:26.553+09:00 DEBUG 125220 --- [operations-prepare-moc] [           main] s.w.s.m.m.a.RequestMappingHandlerMapping : Mapped to com.uniwa.operationsprepare.controller.InventoryStatusController#getInventoryStatusByDate(LocalDate)
2025-10-26T18:51:26.628+09:00 DEBUG 125220 --- [operations-prepare-moc] [           main] o.s.w.s.m.m.a.HttpEntityMethodProcessor  : Using 'application/json', given [*/*] and supported [application/json, application/*+json]
2025-10-26T18:51:26.645+09:00 DEBUG 125220 --- [operations-prepare-moc] [           main] o.s.w.s.m.m.a.HttpEntityMethodProcessor  : Writing [[InventoryStatus(id=485dbade-c138-452c-9546-0bbdd7aa6864, businessDate=2025-09-27, item=Item(id=3987 (truncated)...]
]]></system-out>
  </testcase>
  <testcase name="testDeleteInventoryStatus" classname="com.uniwa.operationsprepare.controller.InventoryStatusControllerTest" time="0.011">
    <system-out><![CDATA[2025-10-26T18:51:26.868+09:00 DEBUG 125220 --- [operations-prepare-moc] [           main] s.w.s.m.m.a.RequestMappingHandlerMapping : Mapped to com.uniwa.operationsprepare.controller.InventoryStatusController#deleteInventoryStatus(UUID)
2025-10-26T18:51:26.871+09:00 DEBUG 125220 --- [operations-prepare-moc] [           main] o.s.w.s.m.m.a.HttpEntityMethodProcessor  : Using 'application/json', given [*/*] and supported [application/json, application/*+json]
2025-10-26T18:51:26.871+09:00 DEBUG 125220 --- [operations-prepare-moc] [           main] o.s.w.s.m.m.a.HttpEntityMethodProcessor  : Nothing to write: null body
]]></system-out>
  </testcase>
  <testcase name="testCreateInventoryStatus" classname="com.uniwa.operationsprepare.controller.InventoryStatusControllerTest" time="0.059">
    <system-out><![CDATA[2025-10-26T18:51:26.883+09:00 DEBUG 125220 --- [operations-prepare-moc] [           main] s.w.s.m.m.a.RequestMappingHandlerMapping : Mapped to com.uniwa.operationsprepare.controller.InventoryStatusController#createInventoryStatus(InventoryStatus)
2025-10-26T18:51:26.922+09:00 DEBUG 125220 --- [operations-prepare-moc] [           main] m.m.a.RequestResponseBodyMethodProcessor : Read "application/json;charset=UTF-8" to [InventoryStatus(id=null, businessDate=2025-09-27, item=Item(id=90e4bed9-6864-44c0-a4e9-3ded66225840, (truncated)...]
2025-10-26T18:51:26.929+09:00 DEBUG 125220 --- [operations-prepare-moc] [           main] o.s.w.s.m.m.a.HttpEntityMethodProcessor  : Using 'application/json', given [*/*] and supported [application/json, application/*+json]
2025-10-26T18:51:26.929+09:00 DEBUG 125220 --- [operations-prepare-moc] [           main] o.s.w.s.m.m.a.HttpEntityMethodProcessor  : Writing [InventoryStatus(id=9d2af592-49f5-4117-a3f0-83086339ae56, businessDate=2025-09-27, item=Item(id=90e4b (truncated)...]
]]></system-out>
  </testcase>
  <testcase name="testGetInventoryStatusByDateAndSource" classname="com.uniwa.operationsprepare.controller.InventoryStatusControllerTest" time="0.011">
    <system-out><![CDATA[2025-10-26T18:51:26.942+09:00 DEBUG 125220 --- [operations-prepare-moc] [           main] s.w.s.m.m.a.RequestMappingHandlerMapping : Mapped to com.uniwa.operationsprepare.controller.InventoryStatusController#getInventoryStatusByDateAndSource(LocalDate, UUID)
2025-10-26T18:51:26.944+09:00 DEBUG 125220 --- [operations-prepare-moc] [           main] o.s.w.s.m.m.a.HttpEntityMethodProcessor  : Using 'application/json', given [*/*] and supported [application/json, application/*+json]
2025-10-26T18:51:26.945+09:00 DEBUG 125220 --- [operations-prepare-moc] [           main] o.s.w.s.m.m.a.HttpEntityMethodProcessor  : Writing [[InventoryStatus(id=390c8891-6239-4f19-ad89-4ce098622d1b, businessDate=2025-09-27, item=Item(id=f0a0 (truncated)...]
]]></system-out>
  </testcase>
  <testcase name="testUpdateInventoryStatus" classname="com.uniwa.operationsprepare.controller.InventoryStatusControllerTest" time="0.01">
    <system-out><![CDATA[2025-10-26T18:51:26.954+09:00 DEBUG 125220 --- [operations-prepare-moc] [           main] s.w.s.m.m.a.RequestMappingHandlerMapping : Mapped to com.uniwa.operationsprepare.controller.InventoryStatusController#updateInventoryStatus(UUID, InventoryStatus)
2025-10-26T18:51:26.955+09:00 DEBUG 125220 --- [operations-prepare-moc] [           main] m.m.a.RequestResponseBodyMethodProcessor : Read "application/json;charset=UTF-8" to [InventoryStatus(id=4b4bc706-684a-4339-a181-a58a24f86167, businessDate=2025-09-27, item=Item(id=0f111 (truncated)...]
2025-10-26T18:51:26.957+09:00 DEBUG 125220 --- [operations-prepare-moc] [           main] o.s.w.s.m.m.a.HttpEntityMethodProcessor  : Using 'application/json', given [*/*] and supported [application/json, application/*+json]
2025-10-26T18:51:26.958+09:00 DEBUG 125220 --- [operations-prepare-moc] [           main] o.s.w.s.m.m.a.HttpEntityMethodProcessor  : Writing [InventoryStatus(id=4b4bc706-684a-4339-a181-a58a24f86167, businessDate=2025-09-27, item=Item(id=0f111 (truncated)...]
]]></system-out>
  </testcase>
</testsuite>