<?xml version="1.0" encoding="UTF-8"?>
<testsuite xmlns:xsi="http://www.w3.org/2001/XMLSchema-instance" xsi:noNamespaceSchemaLocation="https://maven.apache.org/surefire/maven-surefire-plugin/xsd/surefire-test-report-3.0.xsd" version="3.0" name="com.uniwa.operationsprepare.integration.InventoryStatusIntegrationTest" time="5.361" tests="4" errors="0" skipped="0" failures="0">
  <properties>
[...]
</properties>
  <testcase name="testDeleteInventoryStatusIntegration" classname="com.uniwa.operationsprepare.integration.InventoryStatusIntegrationTest" time="0.616">
    <system-out><![CDATA[2025-10-26T18:51:26.992+09:00  INFO 125220 --- [operations-prepare-moc] [           main] t.c.s.AnnotationConfigContextLoaderUtils : Could not detect default configuration classes for test class [com.uniwa.operationsprepare.integration.InventoryStatusIntegrationTest]: InventoryStatusIntegrationTest does not declare any static, non-private, non-final, nested classes annotated with @Configuration.
2025-10-26T18:51:27.015+09:00  INFO 125220 --- [operations-prepare-moc] [           main] .b.t.c.SpringBootTestContextBootstrapper : Found @SpringBootConfiguration com.uniwa.operationsprepare.OperationsPrepareMocApplication for test class com.uniwa.operationsprepare.integration.InventoryStatusIntegrationTest
2025-10-26T18:51:27.028+09:00  INFO 125220 --- [operations-prepare-moc] [           main] o.s.b.d.r.RestartApplicationListener     : Restart disabled due to context in which it is running

  .   ____          _            __ _ _
 /\\ / ___'_ __ _ _(_)_ __  __ _ \ \ \ \
( ( )\___ | '_ | '_| | '_ \/ _` | \ \ \ \
 \\/  ___)| |_)| | | | | || (_| |  ) ) ) )
  '  |____| .__|_| |_|_| |_\__, | / / / /
 =========|_|==============|___/=/_/_/_/
 :: Spring Boot ::                (v3.2.0)

2025-10-26T18:51:27.072+09:00  INFO 125220 --- [operations-prepare-moc] [           main] c.u.o.i.InventoryStatusIntegrationTest   : Starting InventoryStatusIntegrationTest using Java 17.0.15 with PID 125220 (started by YOSHITO in C:\Users\YOSHITO\Documents\App\UniwaApp\nextday-operations-prepare\moc-app\backend)
2025-10-26T18:51:27.073+09:00 DEBUG 125220 --- [operations-prepare-moc] [           main] c.u.o.i.InventoryStatusIntegrationTest   : Running with Spring Boot v3.2.0, Spring v6.1.1
2025-10-26T18:51:27.073+09:00  INFO 125220 --- [operations-prepare-moc] [           main] c.u.o.i.InventoryStatusIntegrationTest   : The following 1 profile is active: "test"
2025-10-26T18:51:27.076+09:00 DEBUG 125220 --- [operations-prepare-moc] [           main] o.s.w.c.s.GenericWebApplicationContext   : Refreshing org.springframework.web.context.support.GenericWebApplicationContext@1dd44289
2025-10-26T18:51:27.740+09:00  INFO 125220 --- [operations-prepare-moc] [           main] .s.d.r.c.RepositoryConfigurationDelegate : Bootstrapping Spring Data JPA repositories in DEFAULT mode.
2025-10-26T18:51:27.860+09:00  INFO 125220 --- [operations-prepare-moc] [           main] .s.d.r.c.RepositoryConfigurationDelegate : Finished Spring Data repository scanning in 109 ms. Found 4 JPA repository interfaces.
2025-10-26T18:51:28.185+09:00  INFO 125220 --- [operations-prepare-moc] [           main] o.hibernate.jpa.internal.util.LogHelper  : HHH000204: Processing PersistenceUnitInfo [name: default]
2025-10-26T18:51:28.276+09:00  INFO 125220 --- [operations-prepare-moc] [           main] org.hibernate.Version                    : HHH000412: Hibernate ORM core version 6.3.1.Final
2025-10-26T18:51:28.319+09:00  INFO 125220 --- [operations-prepare-moc] [           main] o.h.c.internal.RegionFactoryInitiator    : HHH000026: Second-level cache disabled
2025-10-26T18:51:28.410+09:00  INFO 125220 --- [operations-prepare-moc] [           main] o.s.o.j.p.SpringPersistenceUnitInfo      : No LoadTimeWeaver setup: ignoring JPA class transformer
2025-10-26T18:51:28.445+09:00  INFO 125220 --- [operations-prepare-moc] [           main] com.zaxxer.hikari.HikariDataSource       : HikariPool-1 - Starting...
2025-10-26T18:51:28.608+09:00  INFO 125220 --- [operations-prepare-moc] [           main] com.zaxxer.hikari.pool.HikariPool        : HikariPool-1 - Added connection conn0: url=jdbc:h2:mem:testdb user=SA
2025-10-26T18:51:28.610+09:00  INFO 125220 --- [operations-prepare-moc] [           main] com.zaxxer.hikari.HikariDataSource       : HikariPool-1 - Start completed.
2025-10-26T18:51:28.631+09:00  WARN 125220 --- [operations-prepare-moc] [           main] org.hibernate.orm.deprecation            : HHH90000025: H2Dialect does not need to be specified explicitly using 'hibernate.dialect' (remove the property setting and it will be selected by default)
2025-10-26T18:51:29.416+09:00  INFO 125220 --- [operations-prepare-moc] [           main] o.h.e.t.j.p.i.JtaPlatformInitiator       : HHH000489: No JTA platform available (set 'hibernate.transaction.jta.platform' to enable JTA platform integration)
2025-10-26T18:51:29.428+09:00 DEBUG 125220 --- [operations-prepare-moc] [           main] org.hibernate.SQL                        : 
    drop table if exists inventory_status cascade 
Hibernate: 
    drop table if exists inventory_status cascade 
2025-10-26T18:51:29.432+09:00 DEBUG 125220 --- [operations-prepare-moc] [           main] org.hibernate.SQL                        : 
    drop table if exists item cascade 
Hibernate: 
    drop table if exists item cascade 
2025-10-26T18:51:29.432+09:00 DEBUG 125220 --- [operations-prepare-moc] [           main] org.hibernate.SQL                        : 
    drop table if exists item_preparation cascade 
Hibernate: 
    drop table if exists item_preparation cascade 
2025-10-26T18:51:29.432+09:00 DEBUG 125220 --- [operations-prepare-moc] [           main] org.hibernate.SQL                        : 
    drop table if exists item_replenishment cascade 
Hibernate: 
    drop table if exists item_replenishment cascade 
2025-10-26T18:51:29.432+09:00 DEBUG 125220 --- [operations-prepare-moc] [           main] org.hibernate.SQL                        : 
    drop table if exists place cascade 
Hibernate: 
    drop table if exists place cascade 
2025-10-26T18:51:29.432+09:00 DEBUG 125220 --- [operations-prepare-moc] [           main] org.hibernate.SQL                        : 
    drop table if exists reservation cascade 
Hibernate: 
    drop table if exists reservation cascade 
2025-10-26T18:51:29.433+09:00 DEBUG 125220 --- [operations-prepare-moc] [           main] org.hibernate.SQL                        : 
    drop table if exists reservation_status cascade 
Hibernate: 
    drop table if exists reservation_status cascade 
2025-10-26T18:51:29.437+09:00 DEBUG 125220 --- [operations-prepare-moc] [           main] org.hibernate.SQL                        : 
    create table inventory_status (
        business_date date not null,
        inventory_count integer,
        replenishment_count integer,
        created_at timestamp(6),
        updated_at timestamp(6),
        id uuid not null,
        item_id uuid not null,
        inventory_check_status varchar(255) not null,
        order_request_status varchar(255) not null,
        preparation_status varchar(255) not null,
        replenishment_note TEXT,
        replenishment_status varchar(255) not null,
        primary key (id),
        unique (business_date, item_id)
    )
Hibernate: 
    create table inventory_status (
        business_date date not null,
        inventory_count integer,
        replenishment_count integer,
        created_at timestamp(6),
        updated_at timestamp(6),
        id uuid not null,
        item_id uuid not null,
        inventory_check_status varchar(255) not null,
        order_request_status varchar(255) not null,
        preparation_status varchar(255) not null,
        replenishment_note TEXT,
        replenishment_status varchar(255) not null,
        primary key (id),
        unique (business_date, item_id)
    )
2025-10-26T18:51:29.442+09:00 DEBUG 125220 --- [operations-prepare-moc] [           main] org.hibernate.SQL                        : 
    create table item (
        created_at timestamp(6),
        updated_at timestamp(6),
        id uuid not null,
        description varchar(255),
        name varchar(255) not null,
        unit varchar(255),
        primary key (id)
    )
Hibernate: 
    create table item (
        created_at timestamp(6),
        updated_at timestamp(6),
        id uuid not null,
        description varchar(255),
        name varchar(255) not null,
        unit varchar(255),
        primary key (id)
    )
2025-10-26T18:51:29.443+09:00 DEBUG 125220 --- [operations-prepare-moc] [           main] org.hibernate.SQL                        : 
    create table item_preparation (
        created_at timestamp(6),
        updated_at timestamp(6),
        id uuid not null,
        item_id uuid not null,
        location_id uuid not null,
        primary key (id)
    )
Hibernate: 
    create table item_preparation (
        created_at timestamp(6),
        updated_at timestamp(6),
        id uuid not null,
        item_id uuid not null,
        location_id uuid not null,
        primary key (id)
    )
2025-10-26T18:51:29.444+09:00 DEBUG 125220 --- [operations-prepare-moc] [           main] org.hibernate.SQL                        : 
    create table item_replenishment (
        created_at timestamp(6),
        updated_at timestamp(6),
        destination_location_id uuid not null,
        id uuid not null,
        item_id uuid not null,
        source_location_id uuid not null,
        order_request_destination varchar(255),
        replenishment_type varchar(255) not null,
        primary key (id)
    )
Hibernate: 
    create table item_replenishment (
        created_at timestamp(6),
        updated_at timestamp(6),
        destination_location_id uuid not null,
        id uuid not null,
        item_id uuid not null,
        source_location_id uuid not null,
        order_request_destination varchar(255),
        replenishment_type varchar(255) not null,
        primary key (id)
    )
2025-10-26T18:51:29.446+09:00 DEBUG 125220 --- [operations-prepare-moc] [           main] org.hibernate.SQL                        : 
    create table place (
        display_order integer,
        created_at timestamp(6),
        updated_at timestamp(6),
        id uuid not null,
        name varchar(255) not null,
        type varchar(255) not null,
        primary key (id)
    )
Hibernate: 
    create table place (
        display_order integer,
        created_at timestamp(6),
        updated_at timestamp(6),
        id uuid not null,
        name varchar(255) not null,
        type varchar(255) not null,
        primary key (id)
    )
2025-10-26T18:51:29.447+09:00 DEBUG 125220 --- [operations-prepare-moc] [           main] org.hibernate.SQL                        : 
    create table reservation (
        business_date date not null,
        reservation_count integer not null,
        created_at timestamp(6),
        updated_at timestamp(6),
        id uuid not null,
        product_name TEXT not null,
        primary key (id)
    )
Hibernate: 
    create table reservation (
        business_date date not null,
        reservation_count integer not null,
        created_at timestamp(6),
        updated_at timestamp(6),
        id uuid not null,
        product_name TEXT not null,
        primary key (id)
    )
2025-10-26T18:51:29.447+09:00 DEBUG 125220 --- [operations-prepare-moc] [           main] org.hibernate.SQL                        : 
    create table reservation_status (
        business_date date not null,
        created_at timestamp(6),
        updated_at timestamp(6),
        id uuid not null,
        memo TEXT,
        primary key (id)
    )
Hibernate: 
    create table reservation_status (
        business_date date not null,
        created_at timestamp(6),
        updated_at timestamp(6),
        id uuid not null,
        memo TEXT,
        primary key (id)
    )
2025-10-26T18:51:29.448+09:00 DEBUG 125220 --- [operations-prepare-moc] [           main] org.hibernate.SQL                        : 
    alter table if exists inventory_status 
       add constraint FKfivn8r8fr738v1jpcocw94g28 
       foreign key (item_id) 
       references item
Hibernate: 
    alter table if exists inventory_status 
       add constraint FKfivn8r8fr738v1jpcocw94g28 
       foreign key (item_id) 
       references item
2025-10-26T18:51:29.459+09:00 DEBUG 125220 --- [operations-prepare-moc] [           main] org.hibernate.SQL                        : 
    alter table if exists item_preparation 
       add constraint FK1943qk3xtfxxuoc93inhub9n2 
       foreign key (item_id) 
       references item
Hibernate: 
    alter table if exists item_preparation 
       add constraint FK1943qk3xtfxxuoc93inhub9n2 
       foreign key (item_id) 
       references item
2025-10-26T18:51:29.459+09:00 DEBUG 125220 --- [operations-prepare-moc] [           main] org.hibernate.SQL                        : 
    alter table if exists item_preparation 
       add constraint FK9o1owlwkg41qg82spkvw8mi6w 
       foreign key (location_id) 
       references place
Hibernate: 
    alter table if exists item_preparation 
       add constraint FK9o1owlwkg41qg82spkvw8mi6w 
       foreign key (location_id) 
       references place
2025-10-26T18:51:29.460+09:00 DEBUG 125220 --- [operations-prepare-moc] [           main] org.hibernate.SQL                        : 
    alter table if exists item_replenishment 
       add constraint FKfjt0305ixnol7vuu15p5ppop0 
       foreign key (destination_location_id) 
       references place
Hibernate: 
    alter table if exists item_replenishment 
       add constraint FKfjt0305ixnol7vuu15p5ppop0 
       foreign key (destination_location_id) 
       references place
2025-10-26T18:51:29.461+09:00 DEBUG 125220 --- [operations-prepare-moc] [           main] org.hibernate.SQL                        : 
    alter table if exists item_replenishment 
       add constraint FK5kb6nkt5ji4kyesxqh7mmu6qq 
       foreign key (item_id) 
       references item
Hibernate: 
    alter table if exists item_replenishment 
       add constraint FK5kb6nkt5ji4kyesxqh7mmu6qq 
       foreign key (item_id) 
       references item
2025-10-26T18:51:29.462+09:00 DEBUG 125220 --- [operations-prepare-moc] [           main] org.hibernate.SQL                        : 
    alter table if exists item_replenishment 
       add constraint FKb8cpdd918rlrd4p3ldsd7oit4 
       foreign key (source_location_id) 
       references place
Hibernate: 
    alter table if exists item_replenishment 
       add constraint FKb8cpdd918rlrd4p3ldsd7oit4 
       foreign key (source_location_id) 
       references place
2025-10-26T18:51:29.466+09:00  INFO 125220 --- [operations-prepare-moc] [           main] j.LocalContainerEntityManagerFactoryBean : Initialized JPA EntityManagerFactory for persistence unit 'default'
2025-10-26T18:51:29.749+09:00  INFO 125220 --- [operations-prepare-moc] [           main] o.s.d.j.r.query.QueryEnhancerFactory     : Hibernate is in classpath; If applicable, HQL parser will be used.
2025-10-26T18:51:31.129+09:00  WARN 125220 --- [operations-prepare-moc] [           main] JpaBaseConfiguration$JpaWebConfiguration : spring.jpa.open-in-view is enabled by default. Therefore, database queries may be performed during view rendering. Explicitly configure spring.jpa.open-in-view to disable this warning
2025-10-26T18:51:31.241+09:00 DEBUG 125220 --- [operations-prepare-moc] [           main] s.w.s.m.m.a.RequestMappingHandlerMapping : 30 mappings in 'requestMappingHandlerMapping'
2025-10-26T18:51:31.312+09:00 DEBUG 125220 --- [operations-prepare-moc] [           main] o.s.w.s.handler.SimpleUrlHandlerMapping  : Patterns [/webjars/**, /**, /swagger-ui*/*swagger-initializer.js, /swagger-ui*/**] in 'resourceHandlerMapping'
2025-10-26T18:51:31.338+09:00 DEBUG 125220 --- [operations-prepare-moc] [           main] s.w.s.m.m.a.RequestMappingHandlerAdapter : ControllerAdvice beans: 0 @ModelAttribute, 0 @InitBinder, 1 RequestBodyAdvice, 1 ResponseBodyAdvice
2025-10-26T18:51:31.349+09:00 DEBUG 125220 --- [operations-prepare-moc] [           main] .m.m.a.ExceptionHandlerExceptionResolver : ControllerAdvice beans: 1 @ExceptionHandler, 1 ResponseBodyAdvice
2025-10-26T18:51:31.510+09:00  INFO 125220 --- [operations-prepare-moc] [           main] o.s.b.a.h2.H2ConsoleAutoConfiguration    : H2 console available at '/h2-console'. Database available at 'jdbc:h2:mem:testdb'
2025-10-26T18:51:31.619+09:00  INFO 125220 --- [operations-prepare-moc] [           main] c.u.o.i.InventoryStatusIntegrationTest   : Started InventoryStatusIntegrationTest in 4.591 seconds (process running for 9.23)
2025-10-26T18:51:31.666+09:00  INFO 125220 --- [operations-prepare-moc] [           main] o.s.b.t.m.w.SpringBootMockServletContext : Initializing Spring TestDispatcherServlet ''
2025-10-26T18:51:31.666+09:00  INFO 125220 --- [operations-prepare-moc] [           main] o.s.t.web.servlet.TestDispatcherServlet  : Initializing Servlet ''
2025-10-26T18:51:31.669+09:00  INFO 125220 --- [operations-prepare-moc] [           main] o.s.t.web.servlet.TestDispatcherServlet  : Completed initialization in 0 ms
2025-10-26T18:51:31.781+09:00 DEBUG 125220 --- [operations-prepare-moc] [           main] s.w.s.m.m.a.RequestMappingHandlerMapping : Mapped to com.uniwa.operationsprepare.controller.InventoryStatusController#deleteInventoryStatus(UUID)
2025-10-26T18:51:31.838+09:00 DEBUG 125220 --- [operations-prepare-moc] [           main] o.s.w.s.m.m.a.HttpEntityMethodProcessor  : Using 'application/json', given [*/*] and supported [application/json, application/*+json]
2025-10-26T18:51:31.838+09:00 DEBUG 125220 --- [operations-prepare-moc] [           main] o.s.w.s.m.m.a.HttpEntityMethodProcessor  : Nothing to write: null body
2025-10-26T18:51:31.839+09:00 DEBUG 125220 --- [operations-prepare-moc] [           main] s.w.s.m.m.a.RequestMappingHandlerMapping : Mapped to com.uniwa.operationsprepare.controller.InventoryStatusController#getInventoryStatusByDate(LocalDate)
2025-10-26T18:51:32.098+09:00 DEBUG 125220 --- [operations-prepare-moc] [           main] org.hibernate.SQL                        : 
    insert 
    into
        item
        (created_at, description, name, unit, updated_at, id) 
    values
        (?, ?, ?, ?, ?, ?)
Hibernate: 
    insert 
    into
        item
        (created_at, description, name, unit, updated_at, id) 
    values
        (?, ?, ?, ?, ?, ?)
2025-10-26T18:51:32.142+09:00 DEBUG 125220 --- [operations-prepare-moc] [           main] org.hibernate.SQL                        : 
    insert 
    into
        place
        (created_at, display_order, name, type, updated_at, id) 
    values
        (?, ?, ?, ?, ?, ?)
Hibernate: 
    insert 
    into
        place
        (created_at, display_order, name, type, updated_at, id) 
    values
        (?, ?, ?, ?, ?, ?)
2025-10-26T18:51:32.149+09:00 DEBUG 125220 --- [operations-prepare-moc] [           main] org.hibernate.SQL                        : 
    insert 
    into
        inventory_status
        (business_date, created_at, inventory_check_status, inventory_count, item_id, order_request_status, preparation_status, replenishment_count, replenishment_note, replenishment_status, updated_at, id) 
    values
        (?, ?, ?, ?, ?, ?, ?, ?, ?, ?, ?, ?)
Hibernate: 
    insert 
    into
        inventory_status
        (business_date, created_at, inventory_check_status, inventory_count, item_id, order_request_status, preparation_status, replenishment_count, replenishment_note, replenishment_status, updated_at, id) 
    values
        (?, ?, ?, ?, ?, ?, ?, ?, ?, ?, ?, ?)
2025-10-26T18:51:32.157+09:00 DEBUG 125220 --- [operations-prepare-moc] [           main] org.hibernate.SQL                        : 
    delete 
    from
        inventory_status 
    where
        id=?
Hibernate: 
    delete 
    from
        inventory_status 
    where
        id=?
2025-10-26T18:51:32.210+09:00 DEBUG 125220 --- [operations-prepare-moc] [           main] org.hibernate.SQL                        : 
    select
        is1_0.id,
        is1_0.business_date,
        is1_0.created_at,
        is1_0.inventory_check_status,
        is1_0.inventory_count,
        is1_0.item_id,
        is1_0.order_request_status,
        is1_0.preparation_status,
        is1_0.replenishment_count,
        is1_0.replenishment_note,
        is1_0.replenishment_status,
        is1_0.updated_at 
    from
        inventory_status is1_0 
    left join
        item i1_0 
            on i1_0.id=is1_0.item_id 
    where
        is1_0.business_date=? 
    order by
        i1_0.name
Hibernate: 
    select
        is1_0.id,
        is1_0.business_date,
        is1_0.created_at,
        is1_0.inventory_check_status,
        is1_0.inventory_count,
        is1_0.item_id,
        is1_0.order_request_status,
        is1_0.preparation_status,
        is1_0.replenishment_count,
        is1_0.replenishment_note,
        is1_0.replenishment_status,
        is1_0.updated_at 
    from
        inventory_status is1_0 
    left join
        item i1_0 
            on i1_0.id=is1_0.item_id 
    where
        is1_0.business_date=? 
    order by
        i1_0.name
2025-10-26T18:51:32.228+09:00 DEBUG 125220 --- [operations-prepare-moc] [           main] o.s.w.s.m.m.a.HttpEntityMethodProcessor  : Using 'application/json', given [*/*] and supported [application/json, application/*+json]
2025-10-26T18:51:32.228+09:00 DEBUG 125220 --- [operations-prepare-moc] [           main] o.s.w.s.m.m.a.HttpEntityMethodProcessor  : Writing [[]]
]]></system-out>
  </testcase>
  <testcase name="testUpdateInventoryStatusIntegration" classname="com.uniwa.operationsprepare.integration.InventoryStatusIntegrationTest" time="0.046">
    <system-out><![CDATA[2025-10-26T18:51:32.249+09:00  INFO 125220 --- [operations-prepare-moc] [           main] o.s.b.t.m.w.SpringBootMockServletContext : Initializing Spring TestDispatcherServlet ''
2025-10-26T18:51:32.250+09:00  INFO 125220 --- [operations-prepare-moc] [           main] o.s.t.web.servlet.TestDispatcherServlet  : Initializing Servlet ''
2025-10-26T18:51:32.252+09:00  INFO 125220 --- [operations-prepare-moc] [           main] o.s.t.web.servlet.TestDispatcherServlet  : Completed initialization in 2 ms
2025-10-26T18:51:32.259+09:00 DEBUG 125220 --- [operations-prepare-moc] [           main] s.w.s.m.m.a.RequestMappingHandlerMapping : Mapped to com.uniwa.operationsprepare.controller.InventoryStatusController#updateInventoryStatus(UUID, InventoryStatus)
2025-10-26T18:51:32.269+09:00 DEBUG 125220 --- [operations-prepare-moc] [           main] m.m.a.RequestResponseBodyMethodProcessor : Read "application/json" to [InventoryStatus(id=8e454326-6247-49ff-a91e-43880b80a093, businessDate=2025-09-27, item=Item(id=5c14a (truncated)...]
2025-10-26T18:51:32.284+09:00 DEBUG 125220 --- [operations-prepare-moc] [           main] o.s.w.s.m.m.a.HttpEntityMethodProcessor  : Using 'application/json', given [*/*] and supported [application/json, application/*+json]
2025-10-26T18:51:32.284+09:00 DEBUG 125220 --- [operations-prepare-moc] [           main] o.s.w.s.m.m.a.HttpEntityMethodProcessor  : Writing [InventoryStatus(id=8e454326-6247-49ff-a91e-43880b80a093, businessDate=2025-09-27, item=Item(id=5c14a (truncated)...]
]]></system-out>
  </testcase>
  <testcase name="testGetInventoryStatusByDateIntegration" classname="com.uniwa.operationsprepare.integration.InventoryStatusIntegrationTest" time="0.033">
    <system-out><![CDATA[2025-10-26T18:51:32.295+09:00  INFO 125220 --- [operations-prepare-moc] [           main] o.s.b.t.m.w.SpringBootMockServletContext : Initializing Spring TestDispatcherServlet ''
2025-10-26T18:51:32.295+09:00  INFO 125220 --- [operations-prepare-moc] [           main] o.s.t.web.servlet.TestDispatcherServlet  : Initializing Servlet ''
2025-10-26T18:51:32.297+09:00  INFO 125220 --- [operations-prepare-moc] [           main] o.s.t.web.servlet.TestDispatcherServlet  : Completed initialization in 2 ms
2025-10-26T18:51:32.299+09:00 DEBUG 125220 --- [operations-prepare-moc] [           main] s.w.s.m.m.a.RequestMappingHandlerMapping : Mapped to com.uniwa.operationsprepare.controller.InventoryStatusController#getInventoryStatusByDate(LocalDate)
2025-10-26T18:51:32.304+09:00 DEBUG 125220 --- [operations-prepare-moc] [           main] org.hibernate.SQL                        : 
    insert 
    into
        item
        (created_at, description, name, unit, updated_at, id) 
    values
        (?, ?, ?, ?, ?, ?)
Hibernate: 
    insert 
    into
        item
        (created_at, description, name, unit, updated_at, id) 
    values
        (?, ?, ?, ?, ?, ?)
2025-10-26T18:51:32.307+09:00 DEBUG 125220 --- [operations-prepare-moc] [           main] org.hibernate.SQL                        : 
    insert 
    into
        place
        (created_at, display_order, name, type, updated_at, id) 
    values
        (?, ?, ?, ?, ?, ?)
Hibernate: 
    insert 
    into
        place
        (created_at, display_order, name, type, updated_at, id) 
    values
        (?, ?, ?, ?, ?, ?)
2025-10-26T18:51:32.309+09:00 DEBUG 125220 --- [operations-prepare-moc] [           main] org.hibernate.SQL                        : 
    insert 
    into
        inventory_status
        (business_date, created_at, inventory_check_status, inventory_count, item_id, order_request_status, preparation_status, replenishment_count, replenishment_note, replenishment_status, updated_at, id) 
    values
        (?, ?, ?, ?, ?, ?, ?, ?, ?, ?, ?, ?)
Hibernate: 
    insert 
    into
        inventory_status
        (business_date, created_at, inventory_check_status, inventory_count, item_id, order_request_status, preparation_status, replenishment_count, replenishment_note, replenishment_status, updated_at, id) 
    values
        (?, ?, ?, ?, ?, ?, ?, ?, ?, ?, ?, ?)
2025-10-26T18:51:32.310+09:00 DEBUG 125220 --- [operations-prepare-moc] [           main] org.hibernate.SQL                        : 
    select
        is1_0.id,
        is1_0.business_date,
        is1_0.created_at,
        is1_0.inventory_check_status,
        is1_0.inventory_count,
        is1_0.item_id,
        is1_0.order_request_status,
        is1_0.preparation_status,
        is1_0.replenishment_count,
        is1_0.replenishment_note,
        is1_0.replenishment_status,
        is1_0.updated_at 
    from
        inventory_status is1_0 
    left join
        item i1_0 
            on i1_0.id=is1_0.item_id 
    where
        is1_0.business_date=? 
    order by
        i1_0.name
Hibernate: 
    select
        is1_0.id,
        is1_0.business_date,
        is1_0.created_at,
        is1_0.inventory_check_status,
        is1_0.inventory_count,
        is1_0.item_id,
        is1_0.order_request_status,
        is1_0.preparation_status,
        is1_0.replenishment_count,
        is1_0.replenishment_note,
        is1_0.replenishment_status,
        is1_0.updated_at 
    from
        inventory_status is1_0 
    left join
        item i1_0 
            on i1_0.id=is1_0.item_id 
    where
        is1_0.business_date=? 
    order by
        i1_0.name
2025-10-26T18:51:32.320+09:00 DEBUG 125220 --- [operations-prepare-moc] [           main] o.s.w.s.m.m.a.HttpEntityMethodProcessor  : Using 'application/json', given [*/*] and supported [application/json, application/*+json]
2025-10-26T18:51:32.320+09:00 DEBUG 125220 --- [operations-prepare-moc] [           main] o.s.w.s.m.m.a.HttpEntityMethodProcessor  : Writing [[InventoryStatus(id=6622b770-030f-4ed4-a4c4-160b6ac34397, businessDate=2025-09-27, item=Item(id=871c (truncated)...]
]]></system-out>
  </testcase>
  <testcase name="testCreateInventoryStatusIntegration" classname="com.uniwa.operationsprepare.integration.InventoryStatusIntegrationTest" time="0.016">
    <system-out><![CDATA[2025-10-26T18:51:32.329+09:00  INFO 125220 --- [operations-prepare-moc] [           main] o.s.b.t.m.w.SpringBootMockServletContext : Initializing Spring TestDispatcherServlet ''
2025-10-26T18:51:32.329+09:00  INFO 125220 --- [operations-prepare-moc] [           main] o.s.t.web.servlet.TestDispatcherServlet  : Initializing Servlet ''
2025-10-26T18:51:32.331+09:00  INFO 125220 --- [operations-prepare-moc] [           main] o.s.t.web.servlet.TestDispatcherServlet  : Completed initialization in 2 ms
2025-10-26T18:51:32.335+09:00 DEBUG 125220 --- [operations-prepare-moc] [           main] s.w.s.m.m.a.RequestMappingHandlerMapping : Mapped to com.uniwa.operationsprepare.controller.InventoryStatusController#createInventoryStatus(InventoryStatus)
2025-10-26T18:51:32.337+09:00 DEBUG 125220 --- [operations-prepare-moc] [           main] m.m.a.RequestResponseBodyMethodProcessor : Read "application/json" to [InventoryStatus(id=null, businessDate=2025-09-27, item=Item(id=3d891e65-0600-456e-a61a-6a7f04e7af3b, (truncated)...]
2025-10-26T18:51:32.338+09:00 DEBUG 125220 --- [operations-prepare-moc] [           main] o.s.w.s.m.m.a.HttpEntityMethodProcessor  : Using 'application/json', given [*/*] and supported [application/json, application/*+json]
2025-10-26T18:51:32.338+09:00 DEBUG 125220 --- [operations-prepare-moc] [           main] o.s.w.s.m.m.a.HttpEntityMethodProcessor  : Writing [InventoryStatus(id=353f8d71-0bd1-411f-beba-284973692052, businessDate=2025-09-27, item=Item(id=3d891 (truncated)...]
]]></system-out>
  </testcase>
</testsuite>