<?xml version="1.0" encoding="UTF-8"?>
<testsuite xmlns:xsi="http://www.w3.org/2001/XMLSchema-instance" xsi:noNamespaceSchemaLocation="https://maven.apache.org/surefire/maven-surefire-plugin/xsd/surefire-test-report-3.0.xsd" version="3.0" name="com.uniwa.operationsprepare.controller.InventoryStatusControllerTest" time="3.626" tests="5" errors="0" skipped="0" failures="0">
  <properties>
[...]
</properties>
  <testcase name="testGetInventoryStatusByDate" classname="com.uniwa.operationsprepare.controller.InventoryStatusControllerTest" time="0.346">
    <system-out><![CDATA[00:28:32.932 [main] INFO org.springframework.test.context.support.AnnotationConfigContextLoaderUtils -- Could not detect default configuration classes for test class [com.uniwa.operationsprepare.controller.InventoryStatusControllerTest]: InventoryStatusControllerTest does not declare any static, non-private, non-final, nested classes annotated with @Configuration.
00:28:33.073 [main] INFO org.springframework.boot.test.context.SpringBootTestContextBootstrapper -- Found @SpringBootConfiguration com.uniwa.operationsprepare.OperationsPrepareMocApplication for test class com.uniwa.operationsprepare.controller.InventoryStatusControllerTest
00:28:33.167 [main] INFO org.springframework.boot.devtools.restart.RestartApplicationListener -- Restart disabled due to context in which it is running

  .   ____          _            __ _ _
 /\\ / ___'_ __ _ _(_)_ __  __ _ \ \ \ \
( ( )\___ | '_ | '_| | '_ \/ _` | \ \ \ \
 \\/  ___)| |_)| | | | | || (_| |  ) ) ) )
  '  |____| .__|_| |_|_| |_\__, | / / / /
 =========|_|==============|___/=/_/_/_/
 :: Spring Boot ::                (v3.2.0)

2025-09-28T00:28:33.491+09:00  INFO 155596 --- [operations-prepare-moc] [           main] c.u.o.c.InventoryStatusControllerTest    : Starting InventoryStatusControllerTest using Java 17.0.15 with PID 155596 (started by YOSHITO in C:\Users\YOSHITO\Documents\App\UniwaApp\nextday-operations-prepare\moc-app\backend)
2025-09-28T00:28:33.493+09:00 DEBUG 155596 --- [operations-prepare-moc] [           main] c.u.o.c.InventoryStatusControllerTest    : Running with Spring Boot v3.2.0, Spring v6.1.1
2025-09-28T00:28:33.493+09:00  INFO 155596 --- [operations-prepare-moc] [           main] c.u.o.c.InventoryStatusControllerTest    : No active profile set, falling back to 1 default profile: "default"
2025-09-28T00:28:33.511+09:00 DEBUG 155596 --- [operations-prepare-moc] [           main] o.s.w.c.s.GenericWebApplicationContext   : Refreshing org.springframework.web.context.support.GenericWebApplicationContext@23cd4ff2
2025-09-28T00:28:35.448+09:00 DEBUG 155596 --- [operations-prepare-moc] [           main] s.w.s.m.m.a.RequestMappingHandlerMapping : 11 mappings in 'requestMappingHandlerMapping'
2025-09-28T00:28:35.660+09:00 DEBUG 155596 --- [operations-prepare-moc] [           main] o.s.w.s.handler.SimpleUrlHandlerMapping  : Patterns [/webjars/**, /**] in 'resourceHandlerMapping'
2025-09-28T00:28:35.730+09:00 DEBUG 155596 --- [operations-prepare-moc] [           main] s.w.s.m.m.a.RequestMappingHandlerAdapter : ControllerAdvice beans: 0 @ModelAttribute, 0 @InitBinder, 1 RequestBodyAdvice, 1 ResponseBodyAdvice
2025-09-28T00:28:35.799+09:00 DEBUG 155596 --- [operations-prepare-moc] [           main] .m.m.a.ExceptionHandlerExceptionResolver : ControllerAdvice beans: 0 @ExceptionHandler, 1 ResponseBodyAdvice
2025-09-28T00:28:35.886+09:00  INFO 155596 --- [operations-prepare-moc] [           main] o.s.b.t.m.w.SpringBootMockServletContext : Initializing Spring TestDispatcherServlet ''
2025-09-28T00:28:35.886+09:00  INFO 155596 --- [operations-prepare-moc] [           main] o.s.t.web.servlet.TestDispatcherServlet  : Initializing Servlet ''
2025-09-28T00:28:35.890+09:00  INFO 155596 --- [operations-prepare-moc] [           main] o.s.t.web.servlet.TestDispatcherServlet  : Completed initialization in 2 ms
2025-09-28T00:28:35.934+09:00  INFO 155596 --- [operations-prepare-moc] [           main] c.u.o.c.InventoryStatusControllerTest    : Started InventoryStatusControllerTest in 2.78 seconds (process running for 3.706)
2025-09-28T00:28:36.088+09:00 DEBUG 155596 --- [operations-prepare-moc] [           main] s.w.s.m.m.a.RequestMappingHandlerMapping : Mapped to com.uniwa.operationsprepare.controller.InventoryStatusController#getInventoryStatusByDate(LocalDate)
2025-09-28T00:28:36.132+09:00 DEBUG 155596 --- [operations-prepare-moc] [           main] o.s.w.s.m.m.a.HttpEntityMethodProcessor  : Using 'application/json', given [*/*] and supported [application/json, application/*+json]
2025-09-28T00:28:36.159+09:00 DEBUG 155596 --- [operations-prepare-moc] [           main] o.s.w.s.m.m.a.HttpEntityMethodProcessor  : Writing [[InventoryStatus(id=b5912f53-2657-4497-852a-187d444763ae, businessDate=2025-09-27, item=Item(id=b847 (truncated)...]
]]></system-out>
  </testcase>
  <testcase name="testDeleteInventoryStatus" classname="com.uniwa.operationsprepare.controller.InventoryStatusControllerTest" time="0.008">
    <system-out><![CDATA[2025-09-28T00:28:36.306+09:00 DEBUG 155596 --- [operations-prepare-moc] [           main] s.w.s.m.m.a.RequestMappingHandlerMapping : Mapped to com.uniwa.operationsprepare.controller.InventoryStatusController#deleteInventoryStatus(UUID)
2025-09-28T00:28:36.308+09:00 DEBUG 155596 --- [operations-prepare-moc] [           main] o.s.w.s.m.m.a.HttpEntityMethodProcessor  : Using 'application/json', given [*/*] and supported [application/json, application/*+json]
2025-09-28T00:28:36.308+09:00 DEBUG 155596 --- [operations-prepare-moc] [           main] o.s.w.s.m.m.a.HttpEntityMethodProcessor  : Nothing to write: null body
]]></system-out>
  </testcase>
  <testcase name="testCreateInventoryStatus" classname="com.uniwa.operationsprepare.controller.InventoryStatusControllerTest" time="0.043">
    <system-out><![CDATA[2025-09-28T00:28:36.317+09:00 DEBUG 155596 --- [operations-prepare-moc] [           main] s.w.s.m.m.a.RequestMappingHandlerMapping : Mapped to com.uniwa.operationsprepare.controller.InventoryStatusController#createInventoryStatus(InventoryStatus)
2025-09-28T00:28:36.348+09:00 DEBUG 155596 --- [operations-prepare-moc] [           main] m.m.a.RequestResponseBodyMethodProcessor : Read "application/json;charset=UTF-8" to [InventoryStatus(id=null, businessDate=2025-09-27, item=Item(id=f8f57def-e408-4253-8925-3b2999d2d82d, (truncated)...]
2025-09-28T00:28:36.352+09:00 DEBUG 155596 --- [operations-prepare-moc] [           main] o.s.w.s.m.m.a.HttpEntityMethodProcessor  : Using 'application/json', given [*/*] and supported [application/json, application/*+json]
2025-09-28T00:28:36.353+09:00 DEBUG 155596 --- [operations-prepare-moc] [           main] o.s.w.s.m.m.a.HttpEntityMethodProcessor  : Writing [InventoryStatus(id=304c50e7-4423-4bc0-8359-776cd6f02fa6, businessDate=2025-09-27, item=Item(id=f8f57 (truncated)...]
]]></system-out>
  </testcase>
  <testcase name="testGetInventoryStatusByDateAndSource" classname="com.uniwa.operationsprepare.controller.InventoryStatusControllerTest" time="0.008">
    <system-out><![CDATA[2025-09-28T00:28:36.360+09:00 DEBUG 155596 --- [operations-prepare-moc] [           main] s.w.s.m.m.a.RequestMappingHandlerMapping : Mapped to com.uniwa.operationsprepare.controller.InventoryStatusController#getInventoryStatusByDateAndSource(LocalDate, UUID)
2025-09-28T00:28:36.363+09:00 DEBUG 155596 --- [operations-prepare-moc] [           main] o.s.w.s.m.m.a.HttpEntityMethodProcessor  : Using 'application/json', given [*/*] and supported [application/json, application/*+json]
2025-09-28T00:28:36.363+09:00 DEBUG 155596 --- [operations-prepare-moc] [           main] o.s.w.s.m.m.a.HttpEntityMethodProcessor  : Writing [[InventoryStatus(id=f60ca79e-d133-4720-a1c1-4e73b6fcd387, businessDate=2025-09-27, item=Item(id=7559 (truncated)...]
]]></system-out>
  </testcase>
  <testcase name="testUpdateInventoryStatus" classname="com.uniwa.operationsprepare.controller.InventoryStatusControllerTest" time="0.01">
    <system-out><![CDATA[2025-09-28T00:28:36.370+09:00 DEBUG 155596 --- [operations-prepare-moc] [           main] s.w.s.m.m.a.RequestMappingHandlerMapping : Mapped to com.uniwa.operationsprepare.controller.InventoryStatusController#updateInventoryStatus(UUID, InventoryStatus)
2025-09-28T00:28:36.373+09:00 DEBUG 155596 --- [operations-prepare-moc] [           main] m.m.a.RequestResponseBodyMethodProcessor : Read "application/json;charset=UTF-8" to [InventoryStatus(id=d89ab680-2f21-4f8a-a00b-41efa68c3a06, businessDate=2025-09-27, item=Item(id=58eb7 (truncated)...]
2025-09-28T00:28:36.374+09:00 DEBUG 155596 --- [operations-prepare-moc] [           main] o.s.w.s.m.m.a.HttpEntityMethodProcessor  : Using 'application/json', given [*/*] and supported [application/json, application/*+json]
2025-09-28T00:28:36.374+09:00 DEBUG 155596 --- [operations-prepare-moc] [           main] o.s.w.s.m.m.a.HttpEntityMethodProcessor  : Writing [InventoryStatus(id=d89ab680-2f21-4f8a-a00b-41efa68c3a06, businessDate=2025-09-27, item=Item(id=58eb7 (truncated)...]
]]></system-out>
  </testcase>
</testsuite>