<?xml version="1.0" encoding="UTF-8"?>
<testsuite xmlns:xsi="http://www.w3.org/2001/XMLSchema-instance" xsi:noNamespaceSchemaLocation="https://maven.apache.org/surefire/maven-surefire-plugin/xsd/surefire-test-report.xsd" name="com.example.anonymousmemo.AnonymousMemoApplicationIntegrationTest" time="5.408" tests="8" errors="0" skipped="0" failures="0">
  <properties>
[...]
</properties>
  <testcase name="japanesePost_ShouldBeHandledCorrectly" classname="com.example.anonymousmemo.AnonymousMemoApplicationIntegrationTest" time="0.513"/>
  <testcase name="validationErrors_ShouldBeHandledCorrectly" classname="com.example.anonymousmemo.AnonymousMemoApplicationIntegrationTest" time="0.039"/>
  <testcase name="manyPosts_ShouldBeHandledCorrectly" classname="com.example.anonymousmemo.AnonymousMemoApplicationIntegrationTest" time="0.101"/>
  <testcase name="contextLoads" classname="com.example.anonymousmemo.AnonymousMemoApplicationIntegrationTest" time="0.008"/>
  <testcase name="healthEndpoint_ShouldReturnHealthStatus" classname="com.example.anonymousmemo.AnonymousMemoApplicationIntegrationTest" time="0.012"/>
  <testcase name="cors_ShouldBeConfiguredCorrectly" classname="com.example.anonymousmemo.AnonymousMemoApplicationIntegrationTest" time="0.023"/>
  <testcase name="concurrentRequests_ShouldBeHandledCorrectly" classname="com.example.anonymousmemo.AnonymousMemoApplicationIntegrationTest" time="0.031"/>
  <testcase name="fullPostFlow_ShouldWorkCorrectly" classname="com.example.anonymousmemo.AnonymousMemoApplicationIntegrationTest" time="0.033"/>
</testsuite>